2025-04-06 08:24:50,240 - Suspicious process: kernel_task (PID: 0)
2025-04-06 08:24:50,250 - Suspicious process: loginwindow (PID: 572)
2025-04-06 08:24:50,262 - Suspicious process: UserEventAgent (PID: 882)
2025-04-06 08:24:50,264 - Suspicious process: ContinuityCaptureAgent (PID: 927)
2025-04-06 08:24:50,265 - Suspicious process: corespotlightd (PID: 961)
2025-04-06 08:24:50,272 - Suspicious process: icdd (PID: 1145)
2025-04-06 08:24:50,282 - Suspicious process: networkserviceproxy (PID: 7954)
2025-04-06 08:24:50,288 - Suspicious process: Google Chrome (PID: 16733)
2025-04-06 08:24:50,288 - Suspicious process: chrome_crashpad_handler (PID: 16735)
2025-04-06 08:24:50,298 - Suspicious process: Electron (PID: 24821)
2025-04-06 08:24:50,298 - Suspicious process: chrome_crashpad_handler (PID: 24825)
2025-04-06 08:24:50,298 - Suspicious process: Code Helper (GPU) (PID: 24826)
2025-04-06 08:24:50,299 - Suspicious process: Code Helper (PID: 24827)
2025-04-06 08:24:50,299 - Suspicious process: Code Helper (Renderer) (PID: 24833)
2025-04-06 08:24:50,299 - Suspicious process: Code Helper (PID: 24844)
2025-04-06 08:24:50,299 - Suspicious process: Code Helper (PID: 24847)
2025-04-06 08:24:50,299 - Suspicious process: Code Helper (PID: 24848)
2025-04-06 08:24:50,300 - Suspicious process: Code Helper (Plugin) (PID: 24849)
2025-04-06 08:24:50,302 - Suspicious process: mscamerad-xpc (PID: 25640)
2025-04-19 00:21:36,287 - Suspicious process: kernel_task (PID: 0)
2025-04-19 00:21:36,291 - Suspicious process: loginwindow (PID: 572)
2025-04-19 00:21:36,298 - Suspicious process: UserEventAgent (PID: 882)
2025-04-19 00:21:36,300 - Suspicious process: ContinuityCaptureAgent (PID: 927)
2025-04-19 00:21:36,301 - Suspicious process: corespotlightd (PID: 961)
2025-04-19 00:21:36,306 - Suspicious process: icdd (PID: 1145)
2025-04-19 00:21:36,315 - Suspicious process: spotlightknowledged (PID: 54576)
2025-04-19 00:21:36,324 - Suspicious process: networkserviceproxy (PID: 54912)
2025-04-19 00:21:36,336 - Suspicious process: Electron (PID: 62596)
2025-04-19 00:21:36,336 - Suspicious process: chrome_crashpad_handler (PID: 62598)
2025-04-19 00:21:36,336 - Suspicious process: Code Helper (GPU) (PID: 62599)
2025-04-19 00:21:36,336 - Suspicious process: Code Helper (PID: 62600)
2025-04-19 00:21:36,337 - Suspicious process: Code Helper (Renderer) (PID: 62602)
2025-04-19 00:21:36,337 - Suspicious process: Code Helper (PID: 62613)
2025-04-19 00:21:36,338 - Suspicious process: Code Helper (PID: 62659)
2025-04-19 00:21:36,338 - Suspicious process: Code Helper (Plugin) (PID: 62660)
2025-04-19 00:21:36,338 - Suspicious process: Code Helper (PID: 62661)
2025-04-19 00:21:36,339 - Suspicious process: WhatsApp (PID: 62829)
